2025-07-11 16:19:21,112 INFO  [org.jboss.modules] (main) JBoss Modules version 2.1.6.Final
2025-07-11 16:19:21,700 INFO  [org.jboss.msc] (main) JBoss MSC version 1.5.6.Final
2025-07-11 16:19:21,712 INFO  [org.jboss.threads] (main) JBoss Threads version 3.9.1
2025-07-11 16:19:21,852 INFO  [org.jboss.as] (MSC service thread 1-3) WFLYSRV0049: WildFly 37.0.0.Beta1 (WildFly Core 29.0.0.Beta6) starting
2025-07-11 16:19:21,854 DEBUG [org.jboss.as.config] (MSC service thread 1-3) Configured system properties:
	[Standalone] = 
	file.encoding = UTF-8
	file.separator = /
	java.awt.headless = true
	java.class.path = /home/arthur/2025.1/distribuidos/ejb-demo/wildfly-37.0.0.Beta1/jboss-modules.jar
	java.class.version = 61.0
	java.home = /usr/lib/jvm/java-17-openjdk-amd64
	java.io.tmpdir = /tmp
	java.library.path = /usr/java/packages/lib:/usr/lib/x86_64-linux-gnu/jni:/lib/x86_64-linux-gnu:/usr/lib/x86_64-linux-gnu:/usr/lib/jni:/lib:/usr/lib
	java.net.preferIPv4Stack = true
	java.runtime.name = OpenJDK Runtime Environment
	java.runtime.version = 17.0.15+6-Ubuntu-0ubuntu124.04
	java.specification.maintenance.version = 1
	java.specification.name = Java Platform API Specification
	java.specification.vendor = Oracle Corporation
	java.specification.version = 17
	java.util.logging.manager = org.jboss.logmanager.LogManager
	java.vendor = Ubuntu
	java.vendor.url = https://ubuntu.com/
	java.vendor.url.bug = https://bugs.launchpad.net/ubuntu/+source/openjdk-17
	java.version = 17.0.15
	java.version.date = 2025-04-15
	java.vm.compressedOopsMode = 32-bit
	java.vm.info = mixed mode, sharing
	java.vm.name = OpenJDK 64-Bit Server VM
	java.vm.specification.name = Java Virtual Machine Specification
	java.vm.specification.vendor = Oracle Corporation
	java.vm.specification.version = 17
	java.vm.vendor = Ubuntu
	java.vm.version = 17.0.15+6-Ubuntu-0ubuntu124.04
	javax.management.builder.initial = org.jboss.as.jmx.PluggableMBeanServerBuilder
	jboss.home.dir = /home/arthur/2025.1/distribuidos/ejb-demo/wildfly-37.0.0.Beta1
	jboss.host.name = arthur
	jboss.modules.system.pkgs = org.jboss.byteman
	jboss.node.name = arthur
	jboss.qualified.host.name = arthur
	jboss.server.base.dir = /home/arthur/2025.1/distribuidos/ejb-demo/wildfly-37.0.0.Beta1/standalone
	jboss.server.config.dir = /home/arthur/2025.1/distribuidos/ejb-demo/wildfly-37.0.0.Beta1/standalone/configuration
	jboss.server.data.dir = /home/arthur/2025.1/distribuidos/ejb-demo/wildfly-37.0.0.Beta1/standalone/data
	jboss.server.log.dir = /home/arthur/2025.1/distribuidos/ejb-demo/wildfly-37.0.0.Beta1/standalone/log
	jboss.server.name = arthur
	jboss.server.persist.config = true
	jboss.server.temp.dir = /home/arthur/2025.1/distribuidos/ejb-demo/wildfly-37.0.0.Beta1/standalone/tmp
	jboss.threads.eqe.statistics = true
	jdk.debug = release
	jdk.serialFilter = maxbytes=10485760;maxdepth=128;maxarray=100000;maxrefs=300000
	line.separator = 

	logging.configuration = file:/home/arthur/2025.1/distribuidos/ejb-demo/wildfly-37.0.0.Beta1/standalone/configuration/logging.properties
	module.path = /home/arthur/2025.1/distribuidos/ejb-demo/wildfly-37.0.0.Beta1/modules
	native.encoding = UTF-8
	org.jboss.boot.log.file = /home/arthur/2025.1/distribuidos/ejb-demo/wildfly-37.0.0.Beta1/standalone/log/server.log
	org.jboss.resolver.warning = true
	os.arch = amd64
	os.name = Linux
	os.version = 6.8.0-63-generic
	path.separator = :
	sun.arch.data.model = 64
	sun.boot.library.path = /usr/lib/jvm/java-17-openjdk-amd64/lib
	sun.cpu.endian = little
	sun.io.unicode.encoding = UnicodeLittle
	sun.java.command = /home/arthur/2025.1/distribuidos/ejb-demo/wildfly-37.0.0.Beta1/jboss-modules.jar -mp /home/arthur/2025.1/distribuidos/ejb-demo/wildfly-37.0.0.Beta1/modules org.jboss.as.standalone -Djboss.home.dir=/home/arthur/2025.1/distribuidos/ejb-demo/wildfly-37.0.0.Beta1 -Djboss.server.base.dir=/home/arthur/2025.1/distribuidos/ejb-demo/wildfly-37.0.0.Beta1/standalone
	sun.java.launcher = SUN_STANDARD
	sun.jnu.encoding = UTF-8
	sun.management.compiler = HotSpot 64-Bit Tiered Compilers
	sun.stderr.encoding = UTF-8
	sun.stdout.encoding = UTF-8
	user.country = BR
	user.dir = /home/arthur/2025.1/distribuidos/ejb-demo/wildfly-37.0.0.Beta1/bin
	user.home = /home/arthur
	user.language = pt
	user.name = arthur
	user.timezone = America/Fortaleza
2025-07-11 16:19:21,854 DEBUG [org.jboss.as.config] (MSC service thread 1-3) VM Arguments: -D[Standalone] -Djdk.serialFilter=maxbytes=10485760;maxdepth=128;maxarray=100000;maxrefs=300000 -Xms64m -Xmx512m -Djava.net.preferIPv4Stack=true -Djboss.modules.system.pkgs=org.jboss.byteman -Djava.awt.headless=true --add-exports=java.desktop/sun.awt=ALL-UNNAMED --add-exports=java.naming/com.sun.jndi.ldap=ALL-UNNAMED --add-exports=java.naming/com.sun.jndi.url.ldap=ALL-UNNAMED --add-exports=java.naming/com.sun.jndi.url.ldaps=ALL-UNNAMED --add-exports=jdk.naming.dns/com.sun.jndi.dns=ALL-UNNAMED --add-opens=java.base/java.lang=ALL-UNNAMED --add-opens=java.base/java.lang.invoke=ALL-UNNAMED --add-opens=java.base/java.lang.reflect=ALL-UNNAMED --add-opens=java.base/java.io=ALL-UNNAMED --add-opens=java.base/java.net=ALL-UNNAMED --add-opens=java.base/java.security=ALL-UNNAMED --add-opens=java.base/java.util=ALL-UNNAMED --add-opens=java.base/java.util.concurrent=ALL-UNNAMED --add-opens=java.management/javax.management=ALL-UNNAMED --add-opens=java.naming/javax.naming=ALL-UNNAMED -Dorg.jboss.boot.log.file=/home/arthur/2025.1/distribuidos/ejb-demo/wildfly-37.0.0.Beta1/standalone/log/server.log -Dlogging.configuration=file:/home/arthur/2025.1/distribuidos/ejb-demo/wildfly-37.0.0.Beta1/standalone/configuration/logging.properties 
2025-07-11 16:19:22,835 INFO  [org.wildfly.security] (Controller Boot Thread) ELY00001: WildFly Elytron version 2.6.4.Final
2025-07-11 16:19:23,193 INFO  [org.jboss.as.server.deployment.scanner] (DeploymentScanner-threads - 1) WFLYDS0015: Re-attempting failed deployment ejb-demo-1.0-SNAPSHOT.war
2025-07-11 16:19:23,211 INFO  [org.jboss.as.repository] (ServerService Thread Pool -- 19) WFLYDR0001: Content added at location /home/arthur/2025.1/distribuidos/ejb-demo/wildfly-37.0.0.Beta1/standalone/data/content/fd/5d622c7bca1f268f7bb5dd11abe38882e7112c/content
2025-07-11 16:19:23,262 INFO  [org.jboss.as.server] (Controller Boot Thread) WFLYSRV0039: Creating http management service using socket-binding (management-http)
2025-07-11 16:19:23,280 INFO  [org.xnio] (MSC service thread 1-5) XNIO version 3.8.16.Final
2025-07-11 16:19:23,293 INFO  [org.xnio.nio] (MSC service thread 1-5) XNIO NIO Implementation Version 3.8.16.Final
2025-07-11 16:19:23,354 INFO  [org.wildfly.extension.elytron.oidc._private] (ServerService Thread Pool -- 54) WFLYOIDC0001: Activating WildFly Elytron OIDC Subsystem
2025-07-11 16:19:23,364 INFO  [org.jboss.as.jaxrs] (ServerService Thread Pool -- 58) WFLYRS0016: RESTEasy version 6.2.12.Final
2025-07-11 16:19:23,365 INFO  [org.wildfly.extension.health] (ServerService Thread Pool -- 55) WFLYHEALTH0001: Activating Base Health Subsystem
2025-07-11 16:19:23,369 WARN  [org.jboss.as.txn] (ServerService Thread Pool -- 75) WFLYTX0013: The node-identifier attribute on the /subsystem=transactions is set to the default value. This is a danger for environments running multiple servers. Please make sure the attribute value is unique.
2025-07-11 16:19:23,369 INFO  [org.jboss.as.clustering.infinispan] (ServerService Thread Pool -- 56) WFLYCLINF0001: Activating Infinispan subsystem.
2025-07-11 16:19:23,381 INFO  [org.jboss.as.naming] (ServerService Thread Pool -- 68) WFLYNAM0001: Activating Naming Subsystem
2025-07-11 16:19:23,383 INFO  [org.wildfly.extension.io] (ServerService Thread Pool -- 57) WFLYIO001: Worker 'default' has auto-configured to 32 IO threads with 256 max task threads based on your 16 available processors
2025-07-11 16:19:23,388 INFO  [org.wildfly.extension.microprofile.config.smallrye] (ServerService Thread Pool -- 66) WFLYCONF0001: Activating MicroProfile Config Subsystem
2025-07-11 16:19:23,387 INFO  [org.wildfly.extension.microprofile.jwt.smallrye] (ServerService Thread Pool -- 67) WFLYJWT0001: Activating MicroProfile JWT Subsystem
2025-07-11 16:19:23,393 INFO  [org.jboss.as.connector] (MSC service thread 1-6) WFLYJCA0009: Starting Jakarta Connectors Subsystem (WildFly/IronJacamar 3.0.14.Final)
2025-07-11 16:19:23,407 INFO  [org.jboss.as.webservices] (ServerService Thread Pool -- 77) WFLYWS0002: Activating WebServices Extension
2025-07-11 16:19:23,409 INFO  [org.jboss.as.jsf] (ServerService Thread Pool -- 63) WFLYJSF0007: Activated the following Jakarta Server Faces Implementations: [main]
2025-07-11 16:19:23,435 INFO  [org.jboss.as.server.deployment] (MSC service thread 1-9) WFLYSRV0027: Starting deployment of "ejb-demo-1.0-SNAPSHOT.war" (runtime-name: "ejb-demo-1.0-SNAPSHOT.war")
2025-07-11 16:19:23,438 INFO  [org.wildfly.extension.metrics] (ServerService Thread Pool -- 65) WFLYMETRICS0001: Activating Base Metrics Subsystem
2025-07-11 16:19:23,451 INFO  [org.jboss.remoting] (MSC service thread 1-5) JBoss Remoting version 5.0.31.Final
2025-07-11 16:19:23,467 INFO  [org.jboss.as.connector.subsystems.datasources] (ServerService Thread Pool -- 45) WFLYJCA0004: Deploying JDBC-compliant driver class org.h2.Driver (version 2.2)
2025-07-11 16:19:23,483 INFO  [org.jboss.as.connector.deployers.jdbc] (MSC service thread 1-9) WFLYJCA0018: Started Driver service with driver-name = h2
2025-07-11 16:19:23,514 INFO  [org.jboss.as.naming] (MSC service thread 1-3) WFLYNAM0003: Starting Naming Service
2025-07-11 16:19:23,519 INFO  [org.jboss.as.mail.extension] (MSC service thread 1-2) WFLYMAIL0001: Bound mail session [java:jboss/mail/Default]
2025-07-11 16:19:23,517 INFO  [org.wildfly.extension.undertow] (MSC service thread 1-7) WFLYUT0003: Undertow 2.3.18.Final starting
2025-07-11 16:19:23,578 WARN  [org.wildfly.extension.elytron] (MSC service thread 1-9) WFLYELY00023: KeyStore file '/home/arthur/2025.1/distribuidos/ejb-demo/wildfly-37.0.0.Beta1/standalone/configuration/application.keystore' does not exist. Used blank.
2025-07-11 16:19:23,611 WARN  [org.wildfly.extension.elytron] (MSC service thread 1-8) WFLYELY01084: KeyStore /home/arthur/2025.1/distribuidos/ejb-demo/wildfly-37.0.0.Beta1/standalone/configuration/application.keystore not found, it will be auto-generated on first use with a self-signed certificate for host localhost
2025-07-11 16:19:23,665 INFO  [org.wildfly.extension.undertow] (ServerService Thread Pool -- 76) WFLYUT0014: Creating file handler for path '/home/arthur/2025.1/distribuidos/ejb-demo/wildfly-37.0.0.Beta1/welcome-content' with options [directory-listing: 'false', follow-symlink: 'false', case-sensitive: 'true', safe-symlink-paths: '[]']
2025-07-11 16:19:23,679 INFO  [org.jboss.as.ejb3] (MSC service thread 1-6) WFLYEJB0481: Strict pool slsb-strict-max-pool is using a max instance size of 256 (per class), which is derived from thread worker pool sizing.
2025-07-11 16:19:23,679 INFO  [org.jboss.as.ejb3] (MSC service thread 1-3) WFLYEJB0482: Strict pool mdb-strict-max-pool is using a max instance size of 64 (per class), which is derived from the number of CPUs on this host.
2025-07-11 16:19:23,701 INFO  [org.wildfly.extension.undertow] (MSC service thread 1-5) WFLYUT0012: Started server default-server.
2025-07-11 16:19:23,706 INFO  [org.wildfly.extension.undertow] (MSC service thread 1-4) Queuing requests.
2025-07-11 16:19:23,711 INFO  [org.wildfly.extension.undertow] (MSC service thread 1-4) WFLYUT0018: Host default-host starting
2025-07-11 16:19:23,786 INFO  [org.wildfly.extension.undertow] (MSC service thread 1-6) WFLYUT0006: Undertow HTTP listener default listening on 127.0.0.1:8080
2025-07-11 16:19:23,878 INFO  [org.jboss.as.ejb3] (MSC service thread 1-4) WFLYEJB0493: Jakarta Enterprise Beans subsystem suspension complete
2025-07-11 16:19:23,944 INFO  [org.wildfly.extension.undertow] (MSC service thread 1-8) WFLYUT0006: Undertow HTTPS listener https listening on 127.0.0.1:8443
2025-07-11 16:19:23,964 INFO  [org.jboss.as.server.deployment.scanner] (MSC service thread 1-5) WFLYDS0013: Started FileSystemDeploymentService for directory /home/arthur/2025.1/distribuidos/ejb-demo/wildfly-37.0.0.Beta1/standalone/deployments
2025-07-11 16:19:23,976 INFO  [org.jboss.as.connector.subsystems.datasources] (MSC service thread 1-5) WFLYJCA0001: Bound data source [java:jboss/datasources/ExampleDS]
2025-07-11 16:19:24,066 INFO  [org.jboss.ws.common.management] (MSC service thread 1-2) JBWS022052: Starting JBossWS 7.3.3.Final (Apache CXF 4.0.8) 
2025-07-11 16:19:24,801 INFO  [org.wildfly.extension.undertow] (ServerService Thread Pool -- 79) WFLYUT0021: Registered web context: '/ejb-demo-1.0-SNAPSHOT' for server 'default-server'
2025-07-11 16:19:24,886 INFO  [org.jboss.as.server] (ServerService Thread Pool -- 46) WFLYSRV0010: Deployed "ejb-demo-1.0-SNAPSHOT.war" (runtime-name : "ejb-demo-1.0-SNAPSHOT.war")
2025-07-11 16:19:24,925 INFO  [org.jboss.as.server] (Controller Boot Thread) WFLYSRV0212: Resuming server
2025-07-11 16:19:24,933 INFO  [org.jboss.as] (Controller Boot Thread) WFLYSRV0060: Http management interface listening on http://127.0.0.1:9990/management
2025-07-11 16:19:24,934 INFO  [org.jboss.as] (Controller Boot Thread) WFLYSRV0051: Admin console listening on http://127.0.0.1:9990
2025-07-11 16:19:24,936 INFO  [org.jboss.as] (Controller Boot Thread) WFLYSRV0025: WildFly 37.0.0.Beta1 (WildFly Core 29.0.0.Beta6) started in 4244ms - Started 385 of 598 services (334 services are lazy, passive or on-demand) - Server configuration file in use: standalone.xml - Minimum feature stability level: community
2025-07-11 16:25:41,686 INFO  [org.jboss.as.server] (Thread-1) WFLYSRV0272: Suspending server
2025-07-11 16:25:41,689 INFO  [org.jboss.as.ejb3] (Thread-1) WFLYEJB0493: Jakarta Enterprise Beans subsystem suspension complete
2025-07-11 16:25:41,690 INFO  [org.jboss.as.server] (Thread-1) WFLYSRV0220: Server shutdown has been requested via an OS signal
2025-07-11 16:25:41,717 INFO  [org.jboss.as.mail.extension] (MSC service thread 1-8) WFLYMAIL0002: Unbound mail session [java:jboss/mail/Default]
2025-07-11 16:25:41,722 INFO  [org.wildfly.extension.undertow] (ServerService Thread Pool -- 79) WFLYUT0022: Unregistered web context: '/ejb-demo-1.0-SNAPSHOT' from server 'default-server'
2025-07-11 16:25:41,728 INFO  [org.wildfly.extension.undertow] (MSC service thread 1-9) WFLYUT0019: Host default-host stopping
2025-07-11 16:25:41,730 INFO  [org.jboss.as.connector.subsystems.datasources] (MSC service thread 1-7) WFLYJCA0010: Unbound data source [java:jboss/datasources/ExampleDS]
2025-07-11 16:25:41,731 INFO  [org.jboss.as.connector.deployers.jdbc] (MSC service thread 1-7) WFLYJCA0019: Stopped Driver service with driver-name = h2
2025-07-11 16:25:41,757 INFO  [org.wildfly.extension.undertow] (MSC service thread 1-8) WFLYUT0008: Undertow HTTPS listener https suspending
2025-07-11 16:25:41,757 INFO  [org.wildfly.extension.undertow] (MSC service thread 1-6) WFLYUT0008: Undertow HTTP listener default suspending
2025-07-11 16:25:41,759 INFO  [org.wildfly.extension.undertow] (MSC service thread 1-8) WFLYUT0007: Undertow HTTPS listener https stopped, was bound to 127.0.0.1:8443
2025-07-11 16:25:41,759 INFO  [org.wildfly.extension.undertow] (MSC service thread 1-6) WFLYUT0007: Undertow HTTP listener default stopped, was bound to 127.0.0.1:8080
2025-07-11 16:25:41,759 INFO  [org.jboss.as.server.deployment] (MSC service thread 1-4) WFLYSRV0028: Stopped deployment ejb-demo-1.0-SNAPSHOT.war (runtime-name: ejb-demo-1.0-SNAPSHOT.war) in 61ms
2025-07-11 16:25:41,761 INFO  [org.wildfly.extension.undertow] (MSC service thread 1-9) WFLYUT0004: Undertow 2.3.18.Final stopping
2025-07-11 16:25:41,776 INFO  [org.jboss.as] (MSC service thread 1-4) WFLYSRV0050: WildFly 37.0.0.Beta1 (WildFly Core 29.0.0.Beta6) stopped in 75ms
2025-07-11 16:25:44,025 INFO  [org.jboss.modules] (main) JBoss Modules version 2.1.6.Final
2025-07-11 16:25:44,573 INFO  [org.jboss.msc] (main) JBoss MSC version 1.5.6.Final
2025-07-11 16:25:44,584 INFO  [org.jboss.threads] (main) JBoss Threads version 3.9.1
2025-07-11 16:25:44,704 INFO  [org.jboss.as] (MSC service thread 1-3) WFLYSRV0049: WildFly 37.0.0.Beta1 (WildFly Core 29.0.0.Beta6) starting
2025-07-11 16:25:44,705 DEBUG [org.jboss.as.config] (MSC service thread 1-3) Configured system properties:
	[Standalone] = 
	file.encoding = UTF-8
	file.separator = /
	java.awt.headless = true
	java.class.path = /home/arthur/2025.1/distribuidos/ejb-demo/wildfly-37.0.0.Beta1/jboss-modules.jar
	java.class.version = 61.0
	java.home = /usr/lib/jvm/java-17-openjdk-amd64
	java.io.tmpdir = /tmp
	java.library.path = /usr/java/packages/lib:/usr/lib/x86_64-linux-gnu/jni:/lib/x86_64-linux-gnu:/usr/lib/x86_64-linux-gnu:/usr/lib/jni:/lib:/usr/lib
	java.net.preferIPv4Stack = true
	java.runtime.name = OpenJDK Runtime Environment
	java.runtime.version = 17.0.15+6-Ubuntu-0ubuntu124.04
	java.specification.maintenance.version = 1
	java.specification.name = Java Platform API Specification
	java.specification.vendor = Oracle Corporation
	java.specification.version = 17
	java.util.logging.manager = org.jboss.logmanager.LogManager
	java.vendor = Ubuntu
	java.vendor.url = https://ubuntu.com/
	java.vendor.url.bug = https://bugs.launchpad.net/ubuntu/+source/openjdk-17
	java.version = 17.0.15
	java.version.date = 2025-04-15
	java.vm.compressedOopsMode = 32-bit
	java.vm.info = mixed mode, sharing
	java.vm.name = OpenJDK 64-Bit Server VM
	java.vm.specification.name = Java Virtual Machine Specification
	java.vm.specification.vendor = Oracle Corporation
	java.vm.specification.version = 17
	java.vm.vendor = Ubuntu
	java.vm.version = 17.0.15+6-Ubuntu-0ubuntu124.04
	javax.management.builder.initial = org.jboss.as.jmx.PluggableMBeanServerBuilder
	jboss.home.dir = /home/arthur/2025.1/distribuidos/ejb-demo/wildfly-37.0.0.Beta1
	jboss.host.name = arthur
	jboss.modules.system.pkgs = org.jboss.byteman
	jboss.node.name = arthur
	jboss.qualified.host.name = arthur
	jboss.server.base.dir = /home/arthur/2025.1/distribuidos/ejb-demo/wildfly-37.0.0.Beta1/standalone
	jboss.server.config.dir = /home/arthur/2025.1/distribuidos/ejb-demo/wildfly-37.0.0.Beta1/standalone/configuration
	jboss.server.data.dir = /home/arthur/2025.1/distribuidos/ejb-demo/wildfly-37.0.0.Beta1/standalone/data
	jboss.server.log.dir = /home/arthur/2025.1/distribuidos/ejb-demo/wildfly-37.0.0.Beta1/standalone/log
	jboss.server.name = arthur
	jboss.server.persist.config = true
	jboss.server.temp.dir = /home/arthur/2025.1/distribuidos/ejb-demo/wildfly-37.0.0.Beta1/standalone/tmp
	jboss.threads.eqe.statistics = true
	jdk.debug = release
	jdk.serialFilter = maxbytes=10485760;maxdepth=128;maxarray=100000;maxrefs=300000
	line.separator = 

	logging.configuration = file:/home/arthur/2025.1/distribuidos/ejb-demo/wildfly-37.0.0.Beta1/standalone/configuration/logging.properties
	module.path = /home/arthur/2025.1/distribuidos/ejb-demo/wildfly-37.0.0.Beta1/modules
	native.encoding = UTF-8
	org.jboss.boot.log.file = /home/arthur/2025.1/distribuidos/ejb-demo/wildfly-37.0.0.Beta1/standalone/log/server.log
	org.jboss.resolver.warning = true
	os.arch = amd64
	os.name = Linux
	os.version = 6.8.0-63-generic
	path.separator = :
	sun.arch.data.model = 64
	sun.boot.library.path = /usr/lib/jvm/java-17-openjdk-amd64/lib
	sun.cpu.endian = little
	sun.io.unicode.encoding = UnicodeLittle
	sun.java.command = /home/arthur/2025.1/distribuidos/ejb-demo/wildfly-37.0.0.Beta1/jboss-modules.jar -mp /home/arthur/2025.1/distribuidos/ejb-demo/wildfly-37.0.0.Beta1/modules org.jboss.as.standalone -Djboss.home.dir=/home/arthur/2025.1/distribuidos/ejb-demo/wildfly-37.0.0.Beta1 -Djboss.server.base.dir=/home/arthur/2025.1/distribuidos/ejb-demo/wildfly-37.0.0.Beta1/standalone
	sun.java.launcher = SUN_STANDARD
	sun.jnu.encoding = UTF-8
	sun.management.compiler = HotSpot 64-Bit Tiered Compilers
	sun.stderr.encoding = UTF-8
	sun.stdout.encoding = UTF-8
	user.country = BR
	user.dir = /home/arthur/2025.1/distribuidos/ejb-demo/wildfly-37.0.0.Beta1/bin
	user.home = /home/arthur
	user.language = pt
	user.name = arthur
	user.timezone = America/Fortaleza
2025-07-11 16:25:44,706 DEBUG [org.jboss.as.config] (MSC service thread 1-3) VM Arguments: -D[Standalone] -Djdk.serialFilter=maxbytes=10485760;maxdepth=128;maxarray=100000;maxrefs=300000 -Xms64m -Xmx512m -Djava.net.preferIPv4Stack=true -Djboss.modules.system.pkgs=org.jboss.byteman -Djava.awt.headless=true --add-exports=java.desktop/sun.awt=ALL-UNNAMED --add-exports=java.naming/com.sun.jndi.ldap=ALL-UNNAMED --add-exports=java.naming/com.sun.jndi.url.ldap=ALL-UNNAMED --add-exports=java.naming/com.sun.jndi.url.ldaps=ALL-UNNAMED --add-exports=jdk.naming.dns/com.sun.jndi.dns=ALL-UNNAMED --add-opens=java.base/java.lang=ALL-UNNAMED --add-opens=java.base/java.lang.invoke=ALL-UNNAMED --add-opens=java.base/java.lang.reflect=ALL-UNNAMED --add-opens=java.base/java.io=ALL-UNNAMED --add-opens=java.base/java.net=ALL-UNNAMED --add-opens=java.base/java.security=ALL-UNNAMED --add-opens=java.base/java.util=ALL-UNNAMED --add-opens=java.base/java.util.concurrent=ALL-UNNAMED --add-opens=java.management/javax.management=ALL-UNNAMED --add-opens=java.naming/javax.naming=ALL-UNNAMED -Dorg.jboss.boot.log.file=/home/arthur/2025.1/distribuidos/ejb-demo/wildfly-37.0.0.Beta1/standalone/log/server.log -Dlogging.configuration=file:/home/arthur/2025.1/distribuidos/ejb-demo/wildfly-37.0.0.Beta1/standalone/configuration/logging.properties 
2025-07-11 16:25:45,518 INFO  [org.wildfly.security] (Controller Boot Thread) ELY00001: WildFly Elytron version 2.6.4.Final
2025-07-11 16:25:45,957 INFO  [org.jboss.as.server] (Controller Boot Thread) WFLYSRV0039: Creating http management service using socket-binding (management-http)
2025-07-11 16:25:45,974 INFO  [org.xnio] (MSC service thread 1-5) XNIO version 3.8.16.Final
2025-07-11 16:25:45,983 INFO  [org.xnio.nio] (MSC service thread 1-5) XNIO NIO Implementation Version 3.8.16.Final
2025-07-11 16:25:46,020 INFO  [org.wildfly.extension.elytron.oidc._private] (ServerService Thread Pool -- 54) WFLYOIDC0001: Activating WildFly Elytron OIDC Subsystem
2025-07-11 16:25:46,035 INFO  [org.jboss.as.clustering.infinispan] (ServerService Thread Pool -- 56) WFLYCLINF0001: Activating Infinispan subsystem.
2025-07-11 16:25:46,034 INFO  [org.wildfly.extension.health] (ServerService Thread Pool -- 55) WFLYHEALTH0001: Activating Base Health Subsystem
2025-07-11 16:25:46,040 WARN  [org.jboss.as.txn] (ServerService Thread Pool -- 75) WFLYTX0013: The node-identifier attribute on the /subsystem=transactions is set to the default value. This is a danger for environments running multiple servers. Please make sure the attribute value is unique.
2025-07-11 16:25:46,050 INFO  [org.wildfly.extension.microprofile.jwt.smallrye] (ServerService Thread Pool -- 67) WFLYJWT0001: Activating MicroProfile JWT Subsystem
2025-07-11 16:25:46,061 INFO  [org.jboss.as.naming] (ServerService Thread Pool -- 68) WFLYNAM0001: Activating Naming Subsystem
2025-07-11 16:25:46,063 INFO  [org.jboss.as.jsf] (ServerService Thread Pool -- 63) WFLYJSF0007: Activated the following Jakarta Server Faces Implementations: [main]
2025-07-11 16:25:46,059 INFO  [org.wildfly.extension.io] (ServerService Thread Pool -- 57) WFLYIO001: Worker 'default' has auto-configured to 32 IO threads with 256 max task threads based on your 16 available processors
2025-07-11 16:25:46,059 INFO  [org.wildfly.extension.microprofile.config.smallrye] (ServerService Thread Pool -- 66) WFLYCONF0001: Activating MicroProfile Config Subsystem
2025-07-11 16:25:46,062 INFO  [org.jboss.as.jaxrs] (ServerService Thread Pool -- 58) WFLYRS0016: RESTEasy version 6.2.12.Final
2025-07-11 16:25:46,082 INFO  [org.jboss.as.connector] (MSC service thread 1-7) WFLYJCA0009: Starting Jakarta Connectors Subsystem (WildFly/IronJacamar 3.0.14.Final)
2025-07-11 16:25:46,079 INFO  [org.jboss.as.webservices] (ServerService Thread Pool -- 77) WFLYWS0002: Activating WebServices Extension
2025-07-11 16:25:46,090 INFO  [org.jboss.as.server.deployment] (MSC service thread 1-6) WFLYSRV0027: Starting deployment of "ejb-demo-1.0-SNAPSHOT.war" (runtime-name: "ejb-demo-1.0-SNAPSHOT.war")
2025-07-11 16:25:46,096 INFO  [org.jboss.remoting] (MSC service thread 1-4) JBoss Remoting version 5.0.31.Final
2025-07-11 16:25:46,103 INFO  [org.wildfly.extension.metrics] (ServerService Thread Pool -- 65) WFLYMETRICS0001: Activating Base Metrics Subsystem
2025-07-11 16:25:46,151 INFO  [org.jboss.as.connector.subsystems.datasources] (ServerService Thread Pool -- 45) WFLYJCA0004: Deploying JDBC-compliant driver class org.h2.Driver (version 2.2)
2025-07-11 16:25:46,152 INFO  [org.jboss.as.naming] (MSC service thread 1-2) WFLYNAM0003: Starting Naming Service
2025-07-11 16:25:46,157 INFO  [org.jboss.as.mail.extension] (MSC service thread 1-2) WFLYMAIL0001: Bound mail session [java:jboss/mail/Default]
2025-07-11 16:25:46,163 INFO  [org.jboss.as.connector.deployers.jdbc] (MSC service thread 1-9) WFLYJCA0018: Started Driver service with driver-name = h2
2025-07-11 16:25:46,170 INFO  [org.wildfly.extension.undertow] (MSC service thread 1-8) WFLYUT0003: Undertow 2.3.18.Final starting
2025-07-11 16:25:46,264 WARN  [org.wildfly.extension.elytron] (MSC service thread 1-4) WFLYELY00023: KeyStore file '/home/arthur/2025.1/distribuidos/ejb-demo/wildfly-37.0.0.Beta1/standalone/configuration/application.keystore' does not exist. Used blank.
2025-07-11 16:25:46,287 WARN  [org.wildfly.extension.elytron] (MSC service thread 1-6) WFLYELY01084: KeyStore /home/arthur/2025.1/distribuidos/ejb-demo/wildfly-37.0.0.Beta1/standalone/configuration/application.keystore not found, it will be auto-generated on first use with a self-signed certificate for host localhost
2025-07-11 16:25:46,300 INFO  [org.wildfly.extension.undertow] (ServerService Thread Pool -- 76) WFLYUT0014: Creating file handler for path '/home/arthur/2025.1/distribuidos/ejb-demo/wildfly-37.0.0.Beta1/welcome-content' with options [directory-listing: 'false', follow-symlink: 'false', case-sensitive: 'true', safe-symlink-paths: '[]']
2025-07-11 16:25:46,313 INFO  [org.jboss.as.ejb3] (MSC service thread 1-3) WFLYEJB0481: Strict pool slsb-strict-max-pool is using a max instance size of 256 (per class), which is derived from thread worker pool sizing.
2025-07-11 16:25:46,313 INFO  [org.jboss.as.ejb3] (MSC service thread 1-7) WFLYEJB0482: Strict pool mdb-strict-max-pool is using a max instance size of 64 (per class), which is derived from the number of CPUs on this host.
2025-07-11 16:25:46,336 INFO  [org.wildfly.extension.undertow] (MSC service thread 1-3) WFLYUT0012: Started server default-server.
2025-07-11 16:25:46,344 INFO  [org.wildfly.extension.undertow] (MSC service thread 1-3) Queuing requests.
2025-07-11 16:25:46,347 INFO  [org.wildfly.extension.undertow] (MSC service thread 1-3) WFLYUT0018: Host default-host starting
2025-07-11 16:25:46,410 INFO  [org.wildfly.extension.undertow] (MSC service thread 1-2) WFLYUT0006: Undertow HTTP listener default listening on 127.0.0.1:8080
2025-07-11 16:25:46,458 INFO  [org.jboss.as.ejb3] (MSC service thread 1-2) WFLYEJB0493: Jakarta Enterprise Beans subsystem suspension complete
2025-07-11 16:25:46,510 INFO  [org.wildfly.extension.undertow] (MSC service thread 1-8) WFLYUT0006: Undertow HTTPS listener https listening on 127.0.0.1:8443
2025-07-11 16:25:46,526 INFO  [org.jboss.as.connector.subsystems.datasources] (MSC service thread 1-2) WFLYJCA0001: Bound data source [java:jboss/datasources/ExampleDS]
2025-07-11 16:25:46,530 INFO  [org.jboss.as.server.deployment.scanner] (MSC service thread 1-7) WFLYDS0013: Started FileSystemDeploymentService for directory /home/arthur/2025.1/distribuidos/ejb-demo/wildfly-37.0.0.Beta1/standalone/deployments
2025-07-11 16:25:46,583 INFO  [org.jboss.ws.common.management] (MSC service thread 1-4) JBWS022052: Starting JBossWS 7.3.3.Final (Apache CXF 4.0.8) 
2025-07-11 16:25:47,285 INFO  [org.wildfly.extension.undertow] (ServerService Thread Pool -- 79) WFLYUT0021: Registered web context: '/ejb-demo-1.0-SNAPSHOT' for server 'default-server'
2025-07-11 16:25:47,372 INFO  [org.jboss.as.server] (ServerService Thread Pool -- 46) WFLYSRV0010: Deployed "ejb-demo-1.0-SNAPSHOT.war" (runtime-name : "ejb-demo-1.0-SNAPSHOT.war")
2025-07-11 16:25:47,421 INFO  [org.jboss.as.server] (Controller Boot Thread) WFLYSRV0212: Resuming server
2025-07-11 16:25:47,430 INFO  [org.jboss.as] (Controller Boot Thread) WFLYSRV0060: Http management interface listening on http://127.0.0.1:9990/management
2025-07-11 16:25:47,431 INFO  [org.jboss.as] (Controller Boot Thread) WFLYSRV0051: Admin console listening on http://127.0.0.1:9990
2025-07-11 16:25:47,433 INFO  [org.jboss.as] (Controller Boot Thread) WFLYSRV0025: WildFly 37.0.0.Beta1 (WildFly Core 29.0.0.Beta6) started in 3765ms - Started 385 of 598 services (334 services are lazy, passive or on-demand) - Server configuration file in use: standalone.xml - Minimum feature stability level: community
2025-07-11 16:26:16,424 INFO  [org.jboss.as.server] (Thread-1) WFLYSRV0272: Suspending server
2025-07-11 16:26:16,428 INFO  [org.jboss.as.ejb3] (Thread-1) WFLYEJB0493: Jakarta Enterprise Beans subsystem suspension complete
2025-07-11 16:26:16,430 INFO  [org.jboss.as.server] (Thread-1) WFLYSRV0220: Server shutdown has been requested via an OS signal
2025-07-11 16:26:16,452 INFO  [org.jboss.as.mail.extension] (MSC service thread 1-7) WFLYMAIL0002: Unbound mail session [java:jboss/mail/Default]
2025-07-11 16:26:16,454 INFO  [org.wildfly.extension.undertow] (ServerService Thread Pool -- 79) WFLYUT0022: Unregistered web context: '/ejb-demo-1.0-SNAPSHOT' from server 'default-server'
2025-07-11 16:26:16,459 INFO  [org.wildfly.extension.undertow] (MSC service thread 1-6) WFLYUT0019: Host default-host stopping
2025-07-11 16:26:16,461 INFO  [org.jboss.as.connector.subsystems.datasources] (MSC service thread 1-2) WFLYJCA0010: Unbound data source [java:jboss/datasources/ExampleDS]
2025-07-11 16:26:16,463 INFO  [org.jboss.as.connector.deployers.jdbc] (MSC service thread 1-7) WFLYJCA0019: Stopped Driver service with driver-name = h2
2025-07-11 16:26:16,482 INFO  [org.wildfly.extension.undertow] (MSC service thread 1-9) WFLYUT0008: Undertow HTTP listener default suspending
2025-07-11 16:26:16,482 INFO  [org.wildfly.extension.undertow] (MSC service thread 1-7) WFLYUT0008: Undertow HTTPS listener https suspending
2025-07-11 16:26:16,484 INFO  [org.wildfly.extension.undertow] (MSC service thread 1-9) WFLYUT0007: Undertow HTTP listener default stopped, was bound to 127.0.0.1:8080
2025-07-11 16:26:16,484 INFO  [org.jboss.as.server.deployment] (MSC service thread 1-4) WFLYSRV0028: Stopped deployment ejb-demo-1.0-SNAPSHOT.war (runtime-name: ejb-demo-1.0-SNAPSHOT.war) in 47ms
2025-07-11 16:26:16,484 INFO  [org.wildfly.extension.undertow] (MSC service thread 1-7) WFLYUT0007: Undertow HTTPS listener https stopped, was bound to 127.0.0.1:8443
2025-07-11 16:26:16,486 INFO  [org.wildfly.extension.undertow] (MSC service thread 1-5) WFLYUT0004: Undertow 2.3.18.Final stopping
2025-07-11 16:26:16,498 INFO  [org.jboss.as] (MSC service thread 1-6) WFLYSRV0050: WildFly 37.0.0.Beta1 (WildFly Core 29.0.0.Beta6) stopped in 62ms
2025-07-11 16:27:09,792 INFO  [org.jboss.modules] (main) JBoss Modules version 2.1.6.Final
2025-07-11 16:27:10,350 INFO  [org.jboss.msc] (main) JBoss MSC version 1.5.6.Final
2025-07-11 16:27:10,363 INFO  [org.jboss.threads] (main) JBoss Threads version 3.9.1
2025-07-11 16:27:10,491 INFO  [org.jboss.as] (MSC service thread 1-2) WFLYSRV0049: WildFly 37.0.0.Beta1 (WildFly Core 29.0.0.Beta6) starting
2025-07-11 16:27:10,493 DEBUG [org.jboss.as.config] (MSC service thread 1-2) Configured system properties:
	[Standalone] = 
	file.encoding = UTF-8
	file.separator = /
	java.awt.headless = true
	java.class.path = /home/arthur/2025.1/distribuidos/ejb-demo/wildfly-37.0.0.Beta1/jboss-modules.jar
	java.class.version = 61.0
	java.home = /usr/lib/jvm/java-17-openjdk-amd64
	java.io.tmpdir = /tmp
	java.library.path = /usr/java/packages/lib:/usr/lib/x86_64-linux-gnu/jni:/lib/x86_64-linux-gnu:/usr/lib/x86_64-linux-gnu:/usr/lib/jni:/lib:/usr/lib
	java.net.preferIPv4Stack = true
	java.runtime.name = OpenJDK Runtime Environment
	java.runtime.version = 17.0.15+6-Ubuntu-0ubuntu124.04
	java.specification.maintenance.version = 1
	java.specification.name = Java Platform API Specification
	java.specification.vendor = Oracle Corporation
	java.specification.version = 17
	java.util.logging.manager = org.jboss.logmanager.LogManager
	java.vendor = Ubuntu
	java.vendor.url = https://ubuntu.com/
	java.vendor.url.bug = https://bugs.launchpad.net/ubuntu/+source/openjdk-17
	java.version = 17.0.15
	java.version.date = 2025-04-15
	java.vm.compressedOopsMode = 32-bit
	java.vm.info = mixed mode, sharing
	java.vm.name = OpenJDK 64-Bit Server VM
	java.vm.specification.name = Java Virtual Machine Specification
	java.vm.specification.vendor = Oracle Corporation
	java.vm.specification.version = 17
	java.vm.vendor = Ubuntu
	java.vm.version = 17.0.15+6-Ubuntu-0ubuntu124.04
	javax.management.builder.initial = org.jboss.as.jmx.PluggableMBeanServerBuilder
	jboss.home.dir = /home/arthur/2025.1/distribuidos/ejb-demo/wildfly-37.0.0.Beta1
	jboss.host.name = arthur
	jboss.modules.system.pkgs = org.jboss.byteman
	jboss.node.name = arthur
	jboss.qualified.host.name = arthur
	jboss.server.base.dir = /home/arthur/2025.1/distribuidos/ejb-demo/wildfly-37.0.0.Beta1/standalone
	jboss.server.config.dir = /home/arthur/2025.1/distribuidos/ejb-demo/wildfly-37.0.0.Beta1/standalone/configuration
	jboss.server.data.dir = /home/arthur/2025.1/distribuidos/ejb-demo/wildfly-37.0.0.Beta1/standalone/data
	jboss.server.log.dir = /home/arthur/2025.1/distribuidos/ejb-demo/wildfly-37.0.0.Beta1/standalone/log
	jboss.server.name = arthur
	jboss.server.persist.config = true
	jboss.server.temp.dir = /home/arthur/2025.1/distribuidos/ejb-demo/wildfly-37.0.0.Beta1/standalone/tmp
	jboss.threads.eqe.statistics = true
	jdk.debug = release
	jdk.serialFilter = maxbytes=10485760;maxdepth=128;maxarray=100000;maxrefs=300000
	line.separator = 

	logging.configuration = file:/home/arthur/2025.1/distribuidos/ejb-demo/wildfly-37.0.0.Beta1/standalone/configuration/logging.properties
	module.path = /home/arthur/2025.1/distribuidos/ejb-demo/wildfly-37.0.0.Beta1/modules
	native.encoding = UTF-8
	org.jboss.boot.log.file = /home/arthur/2025.1/distribuidos/ejb-demo/wildfly-37.0.0.Beta1/standalone/log/server.log
	org.jboss.resolver.warning = true
	os.arch = amd64
	os.name = Linux
	os.version = 6.8.0-63-generic
	path.separator = :
	sun.arch.data.model = 64
	sun.boot.library.path = /usr/lib/jvm/java-17-openjdk-amd64/lib
	sun.cpu.endian = little
	sun.io.unicode.encoding = UnicodeLittle
	sun.java.command = /home/arthur/2025.1/distribuidos/ejb-demo/wildfly-37.0.0.Beta1/jboss-modules.jar -mp /home/arthur/2025.1/distribuidos/ejb-demo/wildfly-37.0.0.Beta1/modules org.jboss.as.standalone -Djboss.home.dir=/home/arthur/2025.1/distribuidos/ejb-demo/wildfly-37.0.0.Beta1 -Djboss.server.base.dir=/home/arthur/2025.1/distribuidos/ejb-demo/wildfly-37.0.0.Beta1/standalone
	sun.java.launcher = SUN_STANDARD
	sun.jnu.encoding = UTF-8
	sun.management.compiler = HotSpot 64-Bit Tiered Compilers
	sun.stderr.encoding = UTF-8
	sun.stdout.encoding = UTF-8
	user.country = BR
	user.dir = /home/arthur/2025.1/distribuidos/ejb-demo/wildfly-37.0.0.Beta1/bin
	user.home = /home/arthur
	user.language = pt
	user.name = arthur
	user.timezone = America/Fortaleza
2025-07-11 16:27:10,496 DEBUG [org.jboss.as.config] (MSC service thread 1-2) VM Arguments: -D[Standalone] -Djdk.serialFilter=maxbytes=10485760;maxdepth=128;maxarray=100000;maxrefs=300000 -Xms64m -Xmx512m -Djava.net.preferIPv4Stack=true -Djboss.modules.system.pkgs=org.jboss.byteman -Djava.awt.headless=true --add-exports=java.desktop/sun.awt=ALL-UNNAMED --add-exports=java.naming/com.sun.jndi.ldap=ALL-UNNAMED --add-exports=java.naming/com.sun.jndi.url.ldap=ALL-UNNAMED --add-exports=java.naming/com.sun.jndi.url.ldaps=ALL-UNNAMED --add-exports=jdk.naming.dns/com.sun.jndi.dns=ALL-UNNAMED --add-opens=java.base/java.lang=ALL-UNNAMED --add-opens=java.base/java.lang.invoke=ALL-UNNAMED --add-opens=java.base/java.lang.reflect=ALL-UNNAMED --add-opens=java.base/java.io=ALL-UNNAMED --add-opens=java.base/java.net=ALL-UNNAMED --add-opens=java.base/java.security=ALL-UNNAMED --add-opens=java.base/java.util=ALL-UNNAMED --add-opens=java.base/java.util.concurrent=ALL-UNNAMED --add-opens=java.management/javax.management=ALL-UNNAMED --add-opens=java.naming/javax.naming=ALL-UNNAMED -Dorg.jboss.boot.log.file=/home/arthur/2025.1/distribuidos/ejb-demo/wildfly-37.0.0.Beta1/standalone/log/server.log -Dlogging.configuration=file:/home/arthur/2025.1/distribuidos/ejb-demo/wildfly-37.0.0.Beta1/standalone/configuration/logging.properties 
2025-07-11 16:27:11,383 INFO  [org.wildfly.security] (Controller Boot Thread) ELY00001: WildFly Elytron version 2.6.4.Final
2025-07-11 16:27:11,890 INFO  [org.jboss.as.server] (Controller Boot Thread) WFLYSRV0039: Creating http management service using socket-binding (management-http)
2025-07-11 16:27:11,907 INFO  [org.xnio] (MSC service thread 1-3) XNIO version 3.8.16.Final
2025-07-11 16:27:11,918 INFO  [org.xnio.nio] (MSC service thread 1-3) XNIO NIO Implementation Version 3.8.16.Final
2025-07-11 16:27:11,954 INFO  [org.wildfly.extension.elytron.oidc._private] (ServerService Thread Pool -- 54) WFLYOIDC0001: Activating WildFly Elytron OIDC Subsystem
2025-07-11 16:27:11,958 INFO  [org.jboss.as.clustering.infinispan] (ServerService Thread Pool -- 56) WFLYCLINF0001: Activating Infinispan subsystem.
2025-07-11 16:27:11,963 INFO  [org.jboss.as.jaxrs] (ServerService Thread Pool -- 58) WFLYRS0016: RESTEasy version 6.2.12.Final
2025-07-11 16:27:11,967 INFO  [org.wildfly.extension.microprofile.jwt.smallrye] (ServerService Thread Pool -- 67) WFLYJWT0001: Activating MicroProfile JWT Subsystem
2025-07-11 16:27:11,976 INFO  [org.wildfly.extension.microprofile.config.smallrye] (ServerService Thread Pool -- 66) WFLYCONF0001: Activating MicroProfile Config Subsystem
2025-07-11 16:27:11,979 INFO  [org.wildfly.extension.health] (ServerService Thread Pool -- 55) WFLYHEALTH0001: Activating Base Health Subsystem
2025-07-11 16:27:11,983 WARN  [org.jboss.as.txn] (ServerService Thread Pool -- 75) WFLYTX0013: The node-identifier attribute on the /subsystem=transactions is set to the default value. This is a danger for environments running multiple servers. Please make sure the attribute value is unique.
2025-07-11 16:27:11,983 INFO  [org.jboss.as.naming] (ServerService Thread Pool -- 68) WFLYNAM0001: Activating Naming Subsystem
2025-07-11 16:27:11,987 INFO  [org.wildfly.extension.io] (ServerService Thread Pool -- 57) WFLYIO001: Worker 'default' has auto-configured to 32 IO threads with 256 max task threads based on your 16 available processors
2025-07-11 16:27:11,998 INFO  [org.wildfly.extension.metrics] (ServerService Thread Pool -- 65) WFLYMETRICS0001: Activating Base Metrics Subsystem
2025-07-11 16:27:12,001 INFO  [org.jboss.as.jsf] (ServerService Thread Pool -- 63) WFLYJSF0007: Activated the following Jakarta Server Faces Implementations: [main]
2025-07-11 16:27:12,022 INFO  [org.jboss.as.webservices] (ServerService Thread Pool -- 77) WFLYWS0002: Activating WebServices Extension
2025-07-11 16:27:12,037 INFO  [org.jboss.remoting] (MSC service thread 1-8) JBoss Remoting version 5.0.31.Final
2025-07-11 16:27:12,037 INFO  [org.jboss.as.connector] (MSC service thread 1-9) WFLYJCA0009: Starting Jakarta Connectors Subsystem (WildFly/IronJacamar 3.0.14.Final)
2025-07-11 16:27:12,075 INFO  [org.jboss.as.connector.subsystems.datasources] (ServerService Thread Pool -- 45) WFLYJCA0004: Deploying JDBC-compliant driver class org.h2.Driver (version 2.2)
2025-07-11 16:27:12,077 INFO  [org.jboss.as.server.deployment] (MSC service thread 1-6) WFLYSRV0027: Starting deployment of "ejb-demo-1.0-SNAPSHOT.war" (runtime-name: "ejb-demo-1.0-SNAPSHOT.war")
2025-07-11 16:27:12,099 INFO  [org.jboss.as.connector.deployers.jdbc] (MSC service thread 1-6) WFLYJCA0018: Started Driver service with driver-name = h2
2025-07-11 16:27:12,100 INFO  [org.jboss.as.naming] (MSC service thread 1-7) WFLYNAM0003: Starting Naming Service
2025-07-11 16:27:12,110 INFO  [org.jboss.as.mail.extension] (MSC service thread 1-6) WFLYMAIL0001: Bound mail session [java:jboss/mail/Default]
2025-07-11 16:27:12,130 WARN  [org.wildfly.extension.elytron] (MSC service thread 1-9) WFLYELY00023: KeyStore file '/home/arthur/2025.1/distribuidos/ejb-demo/wildfly-37.0.0.Beta1/standalone/configuration/application.keystore' does not exist. Used blank.
2025-07-11 16:27:12,137 INFO  [org.wildfly.extension.undertow] (MSC service thread 1-7) WFLYUT0003: Undertow 2.3.18.Final starting
2025-07-11 16:27:12,190 WARN  [org.wildfly.extension.elytron] (MSC service thread 1-5) WFLYELY01084: KeyStore /home/arthur/2025.1/distribuidos/ejb-demo/wildfly-37.0.0.Beta1/standalone/configuration/application.keystore not found, it will be auto-generated on first use with a self-signed certificate for host localhost
2025-07-11 16:27:12,272 INFO  [org.wildfly.extension.undertow] (ServerService Thread Pool -- 76) WFLYUT0014: Creating file handler for path '/home/arthur/2025.1/distribuidos/ejb-demo/wildfly-37.0.0.Beta1/welcome-content' with options [directory-listing: 'false', follow-symlink: 'false', case-sensitive: 'true', safe-symlink-paths: '[]']
2025-07-11 16:27:12,273 INFO  [org.jboss.as.ejb3] (MSC service thread 1-9) WFLYEJB0482: Strict pool mdb-strict-max-pool is using a max instance size of 64 (per class), which is derived from the number of CPUs on this host.
2025-07-11 16:27:12,274 INFO  [org.jboss.as.ejb3] (MSC service thread 1-2) WFLYEJB0481: Strict pool slsb-strict-max-pool is using a max instance size of 256 (per class), which is derived from thread worker pool sizing.
2025-07-11 16:27:12,289 INFO  [org.wildfly.extension.undertow] (MSC service thread 1-9) WFLYUT0012: Started server default-server.
2025-07-11 16:27:12,294 INFO  [org.wildfly.extension.undertow] (MSC service thread 1-2) Queuing requests.
2025-07-11 16:27:12,297 INFO  [org.wildfly.extension.undertow] (MSC service thread 1-2) WFLYUT0018: Host default-host starting
2025-07-11 16:27:12,346 INFO  [org.wildfly.extension.undertow] (MSC service thread 1-8) WFLYUT0006: Undertow HTTP listener default listening on 127.0.0.1:8080
2025-07-11 16:27:12,411 INFO  [org.jboss.as.ejb3] (MSC service thread 1-6) WFLYEJB0493: Jakarta Enterprise Beans subsystem suspension complete
2025-07-11 16:27:12,438 INFO  [org.wildfly.extension.undertow] (MSC service thread 1-6) WFLYUT0006: Undertow HTTPS listener https listening on 127.0.0.1:8443
2025-07-11 16:27:12,478 INFO  [org.jboss.as.server.deployment.scanner] (MSC service thread 1-8) WFLYDS0013: Started FileSystemDeploymentService for directory /home/arthur/2025.1/distribuidos/ejb-demo/wildfly-37.0.0.Beta1/standalone/deployments
2025-07-11 16:27:12,478 INFO  [org.jboss.as.connector.subsystems.datasources] (MSC service thread 1-3) WFLYJCA0001: Bound data source [java:jboss/datasources/ExampleDS]
2025-07-11 16:27:12,547 INFO  [org.jboss.ws.common.management] (MSC service thread 1-9) JBWS022052: Starting JBossWS 7.3.3.Final (Apache CXF 4.0.8) 
2025-07-11 16:27:13,341 INFO  [org.wildfly.extension.undertow] (ServerService Thread Pool -- 79) WFLYUT0021: Registered web context: '/ejb-demo-1.0-SNAPSHOT' for server 'default-server'
2025-07-11 16:27:13,408 INFO  [org.jboss.as.server] (ServerService Thread Pool -- 46) WFLYSRV0010: Deployed "ejb-demo-1.0-SNAPSHOT.war" (runtime-name : "ejb-demo-1.0-SNAPSHOT.war")
2025-07-11 16:27:13,454 INFO  [org.jboss.as.server] (Controller Boot Thread) WFLYSRV0212: Resuming server
2025-07-11 16:27:13,463 INFO  [org.jboss.as] (Controller Boot Thread) WFLYSRV0060: Http management interface listening on http://127.0.0.1:9990/management
2025-07-11 16:27:13,464 INFO  [org.jboss.as] (Controller Boot Thread) WFLYSRV0051: Admin console listening on http://127.0.0.1:9990
2025-07-11 16:27:13,465 INFO  [org.jboss.as] (Controller Boot Thread) WFLYSRV0025: WildFly 37.0.0.Beta1 (WildFly Core 29.0.0.Beta6) started in 4010ms - Started 385 of 598 services (334 services are lazy, passive or on-demand) - Server configuration file in use: standalone.xml - Minimum feature stability level: community
2025-07-11 16:30:05,738 INFO  [org.jboss.as.repository] (External Management Request Threads -- 2) WFLYDR0001: Content added at location /home/arthur/2025.1/distribuidos/ejb-demo/wildfly-37.0.0.Beta1/standalone/data/content/80/6ec21014f04fb8e0462569f41d87e369d12ed9/content
2025-07-11 16:30:05,742 INFO  [org.jboss.as.server.deployment] (MSC service thread 1-2) WFLYSRV0027: Starting deployment of "teste.war" (runtime-name: "teste.war")
2025-07-11 16:30:05,895 INFO  [org.wildfly.extension.undertow] (ServerService Thread Pool -- 83) WFLYUT0021: Registered web context: '/teste' for server 'default-server'
2025-07-11 16:30:05,952 INFO  [org.jboss.as.server] (External Management Request Threads -- 2) WFLYSRV0010: Deployed "teste.war" (runtime-name : "teste.war")
2025-07-11 16:38:52,004 INFO  [org.jboss.as.repository] (External Management Request Threads -- 3) WFLYDR0001: Content added at location /home/arthur/2025.1/distribuidos/ejb-demo/wildfly-37.0.0.Beta1/standalone/data/content/50/8fc6e72112f9571ba447247aae0f075c16ba2f/content
2025-07-11 16:38:52,007 INFO  [org.jboss.as.server.deployment] (MSC service thread 1-3) WFLYSRV0027: Starting deployment of "HelloAPI.war" (runtime-name: "HelloAPI.war")
2025-07-11 16:38:52,099 INFO  [org.jboss.weld.deployer] (MSC service thread 1-9) WFLYWELD0003: Processing weld deployment HelloAPI.war
2025-07-11 16:38:52,157 INFO  [org.hibernate.validator.internal.util.Version] (MSC service thread 1-9) HV000001: Hibernate Validator 8.0.2.Final
2025-07-11 16:38:52,283 INFO  [org.jboss.as.ejb3.deployment] (MSC service thread 1-9) WFLYEJB0473: JNDI bindings for session bean named 'HelloService' in deployment unit 'deployment "HelloAPI.war"' are as follows:

	java:global/HelloAPI/HelloService!com.exemplo.HelloService
	java:app/HelloAPI/HelloService!com.exemplo.HelloService
	java:module/HelloService!com.exemplo.HelloService
	java:global/HelloAPI/HelloService
	java:app/HelloAPI/HelloService
	java:module/HelloService

2025-07-11 16:38:52,415 INFO  [org.jboss.weld.Version] (MSC service thread 1-4) WELD-000900: 5.1.6 (Final)
2025-07-11 16:38:53,393 INFO  [org.jboss.resteasy.resteasy_jaxrs.i18n] (ServerService Thread Pool -- 83) RESTEASY002225: Deploying jakarta.ws.rs.core.Application: class com.exemplo.RestApplication
2025-07-11 16:38:53,439 INFO  [org.wildfly.extension.undertow] (ServerService Thread Pool -- 83) WFLYUT0021: Registered web context: '/HelloAPI' for server 'default-server'
2025-07-11 16:38:53,457 INFO  [org.jboss.as.server] (External Management Request Threads -- 3) WFLYSRV0010: Deployed "HelloAPI.war" (runtime-name : "HelloAPI.war")
2025-07-11 21:27:44,085 INFO  [org.jboss.as.server] (Thread-1) WFLYSRV0272: Suspending server
2025-07-11 21:27:44,088 INFO  [org.jboss.as.ejb3] (Thread-1) WFLYEJB0493: Jakarta Enterprise Beans subsystem suspension complete
2025-07-11 21:27:44,089 INFO  [org.jboss.as.server] (Thread-1) WFLYSRV0220: Server shutdown has been requested via an OS signal
2025-07-11 21:27:44,108 INFO  [org.wildfly.extension.undertow] (ServerService Thread Pool -- 83) WFLYUT0022: Unregistered web context: '/HelloAPI' from server 'default-server'
2025-07-11 21:27:44,108 INFO  [org.jboss.as.mail.extension] (MSC service thread 1-7) WFLYMAIL0002: Unbound mail session [java:jboss/mail/Default]
2025-07-11 21:27:44,108 INFO  [org.wildfly.extension.undertow] (ServerService Thread Pool -- 88) WFLYUT0022: Unregistered web context: '/ejb-demo-1.0-SNAPSHOT' from server 'default-server'
2025-07-11 21:27:44,108 INFO  [org.wildfly.extension.undertow] (ServerService Thread Pool -- 91) WFLYUT0022: Unregistered web context: '/teste' from server 'default-server'
2025-07-11 21:27:44,112 INFO  [org.wildfly.extension.undertow] (MSC service thread 1-6) WFLYUT0019: Host default-host stopping
2025-07-11 21:27:44,118 INFO  [org.jboss.as.connector.subsystems.datasources] (MSC service thread 1-8) WFLYJCA0010: Unbound data source [java:jboss/datasources/ExampleDS]
2025-07-11 21:27:44,119 INFO  [org.jboss.as.connector.deployers.jdbc] (MSC service thread 1-4) WFLYJCA0019: Stopped Driver service with driver-name = h2
2025-07-11 21:27:44,130 INFO  [org.wildfly.extension.undertow] (MSC service thread 1-8) WFLYUT0008: Undertow HTTPS listener https suspending
2025-07-11 21:27:44,130 INFO  [org.wildfly.extension.undertow] (MSC service thread 1-2) WFLYUT0008: Undertow HTTP listener default suspending
2025-07-11 21:27:44,131 INFO  [org.wildfly.extension.undertow] (MSC service thread 1-2) WFLYUT0007: Undertow HTTP listener default stopped, was bound to 127.0.0.1:8080
2025-07-11 21:27:44,131 INFO  [org.wildfly.extension.undertow] (MSC service thread 1-8) WFLYUT0007: Undertow HTTPS listener https stopped, was bound to 127.0.0.1:8443
2025-07-11 21:27:44,131 INFO  [org.jboss.as.server.deployment] (MSC service thread 1-3) WFLYSRV0028: Stopped deployment ejb-demo-1.0-SNAPSHOT.war (runtime-name: ejb-demo-1.0-SNAPSHOT.war) in 31ms
2025-07-11 21:27:44,131 INFO  [org.jboss.as.server.deployment] (MSC service thread 1-2) WFLYSRV0028: Stopped deployment HelloAPI.war (runtime-name: HelloAPI.war) in 37ms
2025-07-11 21:27:44,131 INFO  [org.jboss.as.server.deployment] (MSC service thread 1-9) WFLYSRV0028: Stopped deployment teste.war (runtime-name: teste.war) in 32ms
2025-07-11 21:27:44,132 INFO  [org.wildfly.extension.undertow] (MSC service thread 1-4) WFLYUT0004: Undertow 2.3.18.Final stopping
2025-07-11 21:27:44,139 INFO  [org.jboss.as] (MSC service thread 1-9) WFLYSRV0050: WildFly 37.0.0.Beta1 (WildFly Core 29.0.0.Beta6) stopped in 44ms
2025-07-11 21:27:46,743 INFO  [org.jboss.modules] (main) JBoss Modules version 2.1.6.Final
2025-07-11 21:27:47,153 INFO  [org.jboss.msc] (main) JBoss MSC version 1.5.6.Final
2025-07-11 21:27:47,162 INFO  [org.jboss.threads] (main) JBoss Threads version 3.9.1
2025-07-11 21:27:47,265 INFO  [org.jboss.as] (MSC service thread 1-2) WFLYSRV0049: WildFly 37.0.0.Beta1 (WildFly Core 29.0.0.Beta6) starting
2025-07-11 21:27:47,266 DEBUG [org.jboss.as.config] (MSC service thread 1-2) Configured system properties:
	[Standalone] = 
	file.encoding = UTF-8
	file.separator = /
	java.awt.headless = true
	java.class.path = /home/arthur/2025.1/distribuidos/ejb-demo/wildfly-37.0.0.Beta1/jboss-modules.jar
	java.class.version = 61.0
	java.home = /usr/lib/jvm/java-17-openjdk-amd64
	java.io.tmpdir = /tmp
	java.library.path = /usr/java/packages/lib:/usr/lib/x86_64-linux-gnu/jni:/lib/x86_64-linux-gnu:/usr/lib/x86_64-linux-gnu:/usr/lib/jni:/lib:/usr/lib
	java.net.preferIPv4Stack = true
	java.runtime.name = OpenJDK Runtime Environment
	java.runtime.version = 17.0.15+6-Ubuntu-0ubuntu124.04
	java.specification.maintenance.version = 1
	java.specification.name = Java Platform API Specification
	java.specification.vendor = Oracle Corporation
	java.specification.version = 17
	java.util.logging.manager = org.jboss.logmanager.LogManager
	java.vendor = Ubuntu
	java.vendor.url = https://ubuntu.com/
	java.vendor.url.bug = https://bugs.launchpad.net/ubuntu/+source/openjdk-17
	java.version = 17.0.15
	java.version.date = 2025-04-15
	java.vm.compressedOopsMode = 32-bit
	java.vm.info = mixed mode, sharing
	java.vm.name = OpenJDK 64-Bit Server VM
	java.vm.specification.name = Java Virtual Machine Specification
	java.vm.specification.vendor = Oracle Corporation
	java.vm.specification.version = 17
	java.vm.vendor = Ubuntu
	java.vm.version = 17.0.15+6-Ubuntu-0ubuntu124.04
	javax.management.builder.initial = org.jboss.as.jmx.PluggableMBeanServerBuilder
	jboss.home.dir = /home/arthur/2025.1/distribuidos/ejb-demo/wildfly-37.0.0.Beta1
	jboss.host.name = arthur
	jboss.modules.system.pkgs = org.jboss.byteman
	jboss.node.name = arthur
	jboss.qualified.host.name = arthur
	jboss.server.base.dir = /home/arthur/2025.1/distribuidos/ejb-demo/wildfly-37.0.0.Beta1/standalone
	jboss.server.config.dir = /home/arthur/2025.1/distribuidos/ejb-demo/wildfly-37.0.0.Beta1/standalone/configuration
	jboss.server.data.dir = /home/arthur/2025.1/distribuidos/ejb-demo/wildfly-37.0.0.Beta1/standalone/data
	jboss.server.log.dir = /home/arthur/2025.1/distribuidos/ejb-demo/wildfly-37.0.0.Beta1/standalone/log
	jboss.server.name = arthur
	jboss.server.persist.config = true
	jboss.server.temp.dir = /home/arthur/2025.1/distribuidos/ejb-demo/wildfly-37.0.0.Beta1/standalone/tmp
	jboss.threads.eqe.statistics = true
	jdk.debug = release
	jdk.serialFilter = maxbytes=10485760;maxdepth=128;maxarray=100000;maxrefs=300000
	line.separator = 

	logging.configuration = file:/home/arthur/2025.1/distribuidos/ejb-demo/wildfly-37.0.0.Beta1/standalone/configuration/logging.properties
	module.path = /home/arthur/2025.1/distribuidos/ejb-demo/wildfly-37.0.0.Beta1/modules
	native.encoding = UTF-8
	org.jboss.boot.log.file = /home/arthur/2025.1/distribuidos/ejb-demo/wildfly-37.0.0.Beta1/standalone/log/server.log
	org.jboss.resolver.warning = true
	os.arch = amd64
	os.name = Linux
	os.version = 6.8.0-63-generic
	path.separator = :
	sun.arch.data.model = 64
	sun.boot.library.path = /usr/lib/jvm/java-17-openjdk-amd64/lib
	sun.cpu.endian = little
	sun.io.unicode.encoding = UnicodeLittle
	sun.java.command = /home/arthur/2025.1/distribuidos/ejb-demo/wildfly-37.0.0.Beta1/jboss-modules.jar -mp /home/arthur/2025.1/distribuidos/ejb-demo/wildfly-37.0.0.Beta1/modules org.jboss.as.standalone -Djboss.home.dir=/home/arthur/2025.1/distribuidos/ejb-demo/wildfly-37.0.0.Beta1 -Djboss.server.base.dir=/home/arthur/2025.1/distribuidos/ejb-demo/wildfly-37.0.0.Beta1/standalone
	sun.java.launcher = SUN_STANDARD
	sun.jnu.encoding = UTF-8
	sun.management.compiler = HotSpot 64-Bit Tiered Compilers
	sun.stderr.encoding = UTF-8
	sun.stdout.encoding = UTF-8
	user.country = BR
	user.dir = /home/arthur/2025.1/distribuidos/ejb-demo/wildfly-37.0.0.Beta1/bin
	user.home = /home/arthur
	user.language = pt
	user.name = arthur
	user.timezone = America/Fortaleza
2025-07-11 21:27:47,267 DEBUG [org.jboss.as.config] (MSC service thread 1-2) VM Arguments: -D[Standalone] -Djdk.serialFilter=maxbytes=10485760;maxdepth=128;maxarray=100000;maxrefs=300000 -Xms64m -Xmx512m -Djava.net.preferIPv4Stack=true -Djboss.modules.system.pkgs=org.jboss.byteman -Djava.awt.headless=true --add-exports=java.desktop/sun.awt=ALL-UNNAMED --add-exports=java.naming/com.sun.jndi.ldap=ALL-UNNAMED --add-exports=java.naming/com.sun.jndi.url.ldap=ALL-UNNAMED --add-exports=java.naming/com.sun.jndi.url.ldaps=ALL-UNNAMED --add-exports=jdk.naming.dns/com.sun.jndi.dns=ALL-UNNAMED --add-opens=java.base/java.lang=ALL-UNNAMED --add-opens=java.base/java.lang.invoke=ALL-UNNAMED --add-opens=java.base/java.lang.reflect=ALL-UNNAMED --add-opens=java.base/java.io=ALL-UNNAMED --add-opens=java.base/java.net=ALL-UNNAMED --add-opens=java.base/java.security=ALL-UNNAMED --add-opens=java.base/java.util=ALL-UNNAMED --add-opens=java.base/java.util.concurrent=ALL-UNNAMED --add-opens=java.management/javax.management=ALL-UNNAMED --add-opens=java.naming/javax.naming=ALL-UNNAMED -Dorg.jboss.boot.log.file=/home/arthur/2025.1/distribuidos/ejb-demo/wildfly-37.0.0.Beta1/standalone/log/server.log -Dlogging.configuration=file:/home/arthur/2025.1/distribuidos/ejb-demo/wildfly-37.0.0.Beta1/standalone/configuration/logging.properties 
2025-07-11 21:27:47,958 INFO  [org.wildfly.security] (Controller Boot Thread) ELY00001: WildFly Elytron version 2.6.4.Final
2025-07-11 21:27:48,400 INFO  [org.jboss.as.server] (Controller Boot Thread) WFLYSRV0039: Creating http management service using socket-binding (management-http)
2025-07-11 21:27:48,414 INFO  [org.xnio] (MSC service thread 1-3) XNIO version 3.8.16.Final
2025-07-11 21:27:48,423 INFO  [org.xnio.nio] (MSC service thread 1-3) XNIO NIO Implementation Version 3.8.16.Final
2025-07-11 21:27:48,461 INFO  [org.wildfly.extension.elytron.oidc._private] (ServerService Thread Pool -- 54) WFLYOIDC0001: Activating WildFly Elytron OIDC Subsystem
2025-07-11 21:27:48,464 INFO  [org.wildfly.extension.health] (ServerService Thread Pool -- 55) WFLYHEALTH0001: Activating Base Health Subsystem
2025-07-11 21:27:48,468 INFO  [org.jboss.as.jaxrs] (ServerService Thread Pool -- 58) WFLYRS0016: RESTEasy version 6.2.12.Final
2025-07-11 21:27:48,469 INFO  [org.jboss.as.clustering.infinispan] (ServerService Thread Pool -- 56) WFLYCLINF0001: Activating Infinispan subsystem.
2025-07-11 21:27:48,472 INFO  [org.wildfly.extension.microprofile.jwt.smallrye] (ServerService Thread Pool -- 67) WFLYJWT0001: Activating MicroProfile JWT Subsystem
2025-07-11 21:27:48,472 INFO  [org.wildfly.extension.microprofile.config.smallrye] (ServerService Thread Pool -- 66) WFLYCONF0001: Activating MicroProfile Config Subsystem
2025-07-11 21:27:48,481 WARN  [org.jboss.as.txn] (ServerService Thread Pool -- 75) WFLYTX0013: The node-identifier attribute on the /subsystem=transactions is set to the default value. This is a danger for environments running multiple servers. Please make sure the attribute value is unique.
2025-07-11 21:27:48,484 INFO  [org.jboss.as.naming] (ServerService Thread Pool -- 68) WFLYNAM0001: Activating Naming Subsystem
2025-07-11 21:27:48,486 INFO  [org.wildfly.extension.io] (ServerService Thread Pool -- 57) WFLYIO001: Worker 'default' has auto-configured to 32 IO threads with 256 max task threads based on your 16 available processors
2025-07-11 21:27:48,489 INFO  [org.jboss.remoting] (MSC service thread 1-5) JBoss Remoting version 5.0.31.Final
2025-07-11 21:27:48,490 INFO  [org.jboss.as.jsf] (ServerService Thread Pool -- 63) WFLYJSF0007: Activated the following Jakarta Server Faces Implementations: [main]
2025-07-11 21:27:48,495 INFO  [org.jboss.as.connector] (MSC service thread 1-2) WFLYJCA0009: Starting Jakarta Connectors Subsystem (WildFly/IronJacamar 3.0.14.Final)
2025-07-11 21:27:48,497 INFO  [org.wildfly.extension.metrics] (ServerService Thread Pool -- 65) WFLYMETRICS0001: Activating Base Metrics Subsystem
2025-07-11 21:27:48,508 INFO  [org.jboss.as.server.deployment] (MSC service thread 1-9) WFLYSRV0027: Starting deployment of "ejb-demo-1.0-SNAPSHOT.war" (runtime-name: "ejb-demo-1.0-SNAPSHOT.war")
2025-07-11 21:27:48,508 INFO  [org.jboss.as.webservices] (ServerService Thread Pool -- 77) WFLYWS0002: Activating WebServices Extension
2025-07-11 21:27:48,526 INFO  [org.jboss.as.connector.subsystems.datasources] (ServerService Thread Pool -- 45) WFLYJCA0004: Deploying JDBC-compliant driver class org.h2.Driver (version 2.2)
2025-07-11 21:27:48,531 INFO  [org.jboss.as.connector.deployers.jdbc] (MSC service thread 1-2) WFLYJCA0018: Started Driver service with driver-name = h2
2025-07-11 21:27:48,552 INFO  [org.jboss.as.naming] (MSC service thread 1-8) WFLYNAM0003: Starting Naming Service
2025-07-11 21:27:48,553 INFO  [org.jboss.as.mail.extension] (MSC service thread 1-2) WFLYMAIL0001: Bound mail session [java:jboss/mail/Default]
2025-07-11 21:27:48,576 INFO  [org.wildfly.extension.undertow] (MSC service thread 1-7) WFLYUT0003: Undertow 2.3.18.Final starting
2025-07-11 21:27:48,636 WARN  [org.wildfly.extension.elytron] (MSC service thread 1-5) WFLYELY00023: KeyStore file '/home/arthur/2025.1/distribuidos/ejb-demo/wildfly-37.0.0.Beta1/standalone/configuration/application.keystore' does not exist. Used blank.
2025-07-11 21:27:48,653 WARN  [org.wildfly.extension.elytron] (MSC service thread 1-2) WFLYELY01084: KeyStore /home/arthur/2025.1/distribuidos/ejb-demo/wildfly-37.0.0.Beta1/standalone/configuration/application.keystore not found, it will be auto-generated on first use with a self-signed certificate for host localhost
2025-07-11 21:27:48,665 INFO  [org.wildfly.extension.undertow] (ServerService Thread Pool -- 76) WFLYUT0014: Creating file handler for path '/home/arthur/2025.1/distribuidos/ejb-demo/wildfly-37.0.0.Beta1/welcome-content' with options [directory-listing: 'false', follow-symlink: 'false', case-sensitive: 'true', safe-symlink-paths: '[]']
2025-07-11 21:27:48,678 INFO  [org.jboss.as.ejb3] (MSC service thread 1-9) WFLYEJB0481: Strict pool slsb-strict-max-pool is using a max instance size of 256 (per class), which is derived from thread worker pool sizing.
2025-07-11 21:27:48,679 INFO  [org.jboss.as.ejb3] (MSC service thread 1-5) WFLYEJB0482: Strict pool mdb-strict-max-pool is using a max instance size of 64 (per class), which is derived from the number of CPUs on this host.
2025-07-11 21:27:48,692 INFO  [org.wildfly.extension.undertow] (MSC service thread 1-9) WFLYUT0012: Started server default-server.
2025-07-11 21:27:48,698 INFO  [org.wildfly.extension.undertow] (MSC service thread 1-5) Queuing requests.
2025-07-11 21:27:48,702 INFO  [org.wildfly.extension.undertow] (MSC service thread 1-5) WFLYUT0018: Host default-host starting
2025-07-11 21:27:48,767 INFO  [org.wildfly.extension.undertow] (MSC service thread 1-3) WFLYUT0006: Undertow HTTP listener default listening on 127.0.0.1:8080
2025-07-11 21:27:48,789 INFO  [org.jboss.as.ejb3] (MSC service thread 1-3) WFLYEJB0493: Jakarta Enterprise Beans subsystem suspension complete
2025-07-11 21:27:48,841 INFO  [org.jboss.as.server.deployment] (MSC service thread 1-6) WFLYSRV0027: Starting deployment of "teste.war" (runtime-name: "teste.war")
2025-07-11 21:27:48,841 INFO  [org.jboss.as.server.deployment] (MSC service thread 1-5) WFLYSRV0027: Starting deployment of "HelloAPI.war" (runtime-name: "HelloAPI.war")
2025-07-11 21:27:48,865 INFO  [org.jboss.as.server.deployment.scanner] (MSC service thread 1-9) WFLYDS0013: Started FileSystemDeploymentService for directory /home/arthur/2025.1/distribuidos/ejb-demo/wildfly-37.0.0.Beta1/standalone/deployments
2025-07-11 21:27:48,866 INFO  [org.wildfly.extension.undertow] (MSC service thread 1-2) WFLYUT0006: Undertow HTTPS listener https listening on 127.0.0.1:8443
2025-07-11 21:27:48,868 INFO  [org.jboss.as.connector.subsystems.datasources] (MSC service thread 1-2) WFLYJCA0001: Bound data source [java:jboss/datasources/ExampleDS]
2025-07-11 21:27:48,938 INFO  [org.jboss.ws.common.management] (MSC service thread 1-7) JBWS022052: Starting JBossWS 7.3.3.Final (Apache CXF 4.0.8) 
2025-07-11 21:27:49,308 INFO  [org.jboss.weld.deployer] (MSC service thread 1-3) WFLYWELD0003: Processing weld deployment HelloAPI.war
2025-07-11 21:27:49,448 INFO  [org.hibernate.validator.internal.util.Version] (MSC service thread 1-3) HV000001: Hibernate Validator 8.0.2.Final
2025-07-11 21:27:49,603 INFO  [org.jboss.as.ejb3.deployment] (MSC service thread 1-3) WFLYEJB0473: JNDI bindings for session bean named 'HelloService' in deployment unit 'deployment "HelloAPI.war"' are as follows:

	java:global/HelloAPI/HelloService!com.exemplo.HelloService
	java:app/HelloAPI/HelloService!com.exemplo.HelloService
	java:module/HelloService!com.exemplo.HelloService
	java:global/HelloAPI/HelloService
	java:app/HelloAPI/HelloService
	java:module/HelloService

2025-07-11 21:27:49,607 INFO  [org.wildfly.extension.undertow] (ServerService Thread Pool -- 82) WFLYUT0021: Registered web context: '/teste' for server 'default-server'
2025-07-11 21:27:49,607 INFO  [org.wildfly.extension.undertow] (ServerService Thread Pool -- 79) WFLYUT0021: Registered web context: '/ejb-demo-1.0-SNAPSHOT' for server 'default-server'
2025-07-11 21:27:49,739 INFO  [org.jboss.weld.Version] (MSC service thread 1-4) WELD-000900: 5.1.6 (Final)
2025-07-11 21:27:50,744 INFO  [org.jboss.resteasy.resteasy_jaxrs.i18n] (ServerService Thread Pool -- 82) RESTEASY002225: Deploying jakarta.ws.rs.core.Application: class com.exemplo.RestApplication
2025-07-11 21:27:50,801 INFO  [org.wildfly.extension.undertow] (ServerService Thread Pool -- 82) WFLYUT0021: Registered web context: '/HelloAPI' for server 'default-server'
2025-07-11 21:27:50,844 INFO  [org.jboss.as.server] (Controller Boot Thread) WFLYSRV0010: Deployed "HelloAPI.war" (runtime-name : "HelloAPI.war")
2025-07-11 21:27:50,844 INFO  [org.jboss.as.server] (Controller Boot Thread) WFLYSRV0010: Deployed "teste.war" (runtime-name : "teste.war")
2025-07-11 21:27:50,845 INFO  [org.jboss.as.server] (ServerService Thread Pool -- 46) WFLYSRV0010: Deployed "ejb-demo-1.0-SNAPSHOT.war" (runtime-name : "ejb-demo-1.0-SNAPSHOT.war")
2025-07-11 21:27:50,877 INFO  [org.jboss.as.server] (Controller Boot Thread) WFLYSRV0212: Resuming server
2025-07-11 21:27:50,883 INFO  [org.jboss.as] (Controller Boot Thread) WFLYSRV0060: Http management interface listening on http://127.0.0.1:9990/management
2025-07-11 21:27:50,883 INFO  [org.jboss.as] (Controller Boot Thread) WFLYSRV0051: Admin console listening on http://127.0.0.1:9990
2025-07-11 21:27:50,885 INFO  [org.jboss.as] (Controller Boot Thread) WFLYSRV0025: WildFly 37.0.0.Beta1 (WildFly Core 29.0.0.Beta6) started in 4429ms - Started 555 of 765 services (344 services are lazy, passive or on-demand) - Server configuration file in use: standalone.xml - Minimum feature stability level: community
2025-07-11 21:57:06,469 INFO  [org.jboss.as.server.deployment.scanner] (MSC service thread 1-4) WFLYDS0013: Started FileSystemDeploymentService for directory /home/arthur/2025.1/distribuidos/api_restful/wildfly-37.0.0.Beta1/standalone/deployments
2025-07-11 21:57:06,484 INFO  [org.jboss.as.connector.subsystems.datasources] (MSC service thread 1-3) WFLYJCA0001: Bound data source [java:jboss/datasources/ExampleDS]
2025-07-11 21:57:06,534 ERROR [org.jboss.as.controller.management-operation] (Controller Boot Thread) WFLYCTL0013: Operation ("add") failed - address: ([
    ("core-service" => "management"),
    ("management-interface" => "http-interface")
]) - failure description: {
    "WFLYCTL0080: Failed services" => {"org.wildfly.management.http.extensible" => "java.net.BindException: Endereo j em uso /127.0.0.1:9990"},
    "WFLYCTL0412: Required services that are not installed:" => ["jboss.http-upgrade-registry.http-management"],
    "WFLYCTL0180: Services with missing/unavailable dependencies" => ["service jboss.remoting.remoting-http-upgrade-service.http-management is missing [jboss.http-upgrade-registry.http-management]"]
}
2025-07-11 21:57:06,535 ERROR [org.jboss.as.controller.management-operation] (Controller Boot Thread) WFLYCTL0013: Operation ("add") failed - address: ([
    ("subsystem" => "remoting"),
    ("http-connector" => "http-remoting-connector")
]) - failure description: {
    "WFLYCTL0412: Required services that are not installed:" => ["jboss.http-upgrade-registry.default"],
    "WFLYCTL0180: Services with missing/unavailable dependencies" => ["service jboss.remoting.remoting-http-upgrade-service.http-remoting-connector is missing [jboss.http-upgrade-registry.default]"]
}
2025-07-11 21:57:06,575 ERROR [org.jboss.as.controller.management-operation] (Controller Boot Thread) WFLYCTL0013: Operation ("add") failed - address: ([
    ("subsystem" => "undertow"),
    ("server" => "default-server"),
    ("http-listener" => "default")
]) - failure description: {"WFLYCTL0080: Failed services" => {"org.wildfly.undertow.server.listener.default-server.default" => "Endereo j em uso /127.0.0.1:8080"}}
2025-07-11 21:57:06,575 ERROR [org.jboss.as.controller.management-operation] (Controller Boot Thread) WFLYCTL0013: Operation ("add") failed - address: ([
    ("subsystem" => "undertow"),
    ("server" => "default-server"),
    ("https-listener" => "https")
]) - failure description: {"WFLYCTL0080: Failed services" => {"org.wildfly.undertow.listener.https" => "Endereo j em uso /127.0.0.1:8443"}}
2025-07-11 21:57:06,576 ERROR [org.jboss.as.controller] (Controller Boot Thread) WFLYCTL0459: Triggering roll back due to missing management services.
2025-07-11 21:57:06,576 ERROR [org.jboss.as.controller.management-operation] (Controller Boot Thread) WFLYCTL0013: Operation ("add") failed - address: ([
    ("core-service" => "management"),
    ("management-interface" => "http-interface")
]) - failure description: {
    "WFLYCTL0080: Failed services" => {"org.wildfly.management.http.extensible" => "java.net.BindException: Endereo j em uso /127.0.0.1:9990"},
    "WFLYCTL0412: Required services that are not installed:" => ["jboss.http-upgrade-registry.http-management"],
    "WFLYCTL0180: Services with missing/unavailable dependencies" => ["service jboss.remoting.remoting-http-upgrade-service.http-management is missing [jboss.http-upgrade-registry.http-management]"]
}
2025-07-11 21:57:24,788 INFO  [org.jboss.as.server.deployment.scanner] (MSC service thread 1-7) WFLYDS0013: Started FileSystemDeploymentService for directory /home/arthur/2025.1/distribuidos/api_restful/wildfly-37.0.0.Beta1/standalone/deployments
2025-07-11 21:57:24,795 INFO  [org.jboss.as.connector.subsystems.datasources] (MSC service thread 1-2) WFLYJCA0001: Bound data source [java:jboss/datasources/ExampleDS]
2025-07-11 21:57:24,853 INFO  [org.jboss.ws.common.management] (MSC service thread 1-4) JBWS022052: Starting JBossWS 7.3.3.Final (Apache CXF 4.0.8) 
2025-07-11 21:57:25,133 INFO  [org.jboss.weld.deployer] (MSC service thread 1-3) WFLYWELD0003: Processing weld deployment HelloAPI.war
2025-07-11 21:57:25,305 INFO  [org.hibernate.validator.internal.util.Version] (MSC service thread 1-3) HV000001: Hibernate Validator 8.0.2.Final
2025-07-11 21:57:25,423 INFO  [org.wildfly.extension.undertow] (ServerService Thread Pool -- 81) WFLYUT0021: Registered web context: '/ejb-demo-1.0-SNAPSHOT' for server 'default-server'
2025-07-11 21:57:25,423 INFO  [org.wildfly.extension.undertow] (ServerService Thread Pool -- 79) WFLYUT0021: Registered web context: '/teste' for server 'default-server'
2025-07-11 21:57:25,446 INFO  [org.jboss.as.ejb3.deployment] (MSC service thread 1-3) WFLYEJB0473: JNDI bindings for session bean named 'HelloService' in deployment unit 'deployment "HelloAPI.war"' are as follows:

	java:global/HelloAPI/HelloService!com.exemplo.HelloService
	java:app/HelloAPI/HelloService!com.exemplo.HelloService
	java:module/HelloService!com.exemplo.HelloService
	java:global/HelloAPI/HelloService
	java:app/HelloAPI/HelloService
	java:module/HelloService

2025-07-11 21:57:25,589 INFO  [org.jboss.weld.Version] (MSC service thread 1-8) WELD-000900: 5.1.6 (Final)
2025-07-11 21:57:26,574 INFO  [org.jboss.resteasy.resteasy_jaxrs.i18n] (ServerService Thread Pool -- 79) RESTEASY002225: Deploying jakarta.ws.rs.core.Application: class com.exemplo.RestApplication
2025-07-11 21:57:26,610 INFO  [org.wildfly.extension.undertow] (ServerService Thread Pool -- 79) WFLYUT0021: Registered web context: '/HelloAPI' for server 'default-server'
2025-07-11 21:57:26,656 INFO  [org.jboss.as.server] (Controller Boot Thread) WFLYSRV0010: Deployed "HelloAPI.war" (runtime-name : "HelloAPI.war")
2025-07-11 21:57:26,657 INFO  [org.jboss.as.server] (Controller Boot Thread) WFLYSRV0010: Deployed "teste.war" (runtime-name : "teste.war")
2025-07-11 21:57:26,657 INFO  [org.jboss.as.server] (ServerService Thread Pool -- 46) WFLYSRV0010: Deployed "HelloAPI-1.0-SNAPSHOT.jar" (runtime-name : "HelloAPI-1.0-SNAPSHOT.jar")
2025-07-11 21:57:26,658 INFO  [org.jboss.as.server] (ServerService Thread Pool -- 46) WFLYSRV0010: Deployed "ejb-demo-1.0-SNAPSHOT.war" (runtime-name : "ejb-demo-1.0-SNAPSHOT.war")
2025-07-11 21:57:26,696 INFO  [org.jboss.as.server] (Controller Boot Thread) WFLYSRV0212: Resuming server
2025-07-11 21:57:26,703 INFO  [org.jboss.as] (Controller Boot Thread) WFLYSRV0060: Http management interface listening on http://127.0.0.1:9990/management
2025-07-11 21:57:26,703 INFO  [org.jboss.as] (Controller Boot Thread) WFLYSRV0051: Admin console listening on http://127.0.0.1:9990
2025-07-11 21:57:26,706 INFO  [org.jboss.as] (Controller Boot Thread) WFLYSRV0025: WildFly 37.0.0.Beta1 (WildFly Core 29.0.0.Beta6) started in 4152ms - Started 601 of 811 services (346 services are lazy, passive or on-demand) - Server configuration file in use: standalone.xml - Minimum feature stability level: community
